Building DAG of jobs...
Using shell: /usr/bin/bash
Provided cores: 20
Rules claiming more threads will be scaled down.
Job counts:
	count	jobs
	1	all
	2	compressfastq
	3

[Thu Apr  1 17:38:15 2021]
rule compressfastq:
    input: /sc/arion/projects/canan/data_ahuno/CRC_PR_03192021/fastq/DrMarciaCruz_WES_CRC_EarlyOnset/Mucose/demultiplex_fastqs/SC173937_ACTATGCA_L007_R2_001_HQ_paired.lane.7.fastq
    output: results/SC173937_ACTATGCA_L008_R1_001_HQ_paired.lane.8.fastq/SC173937_ACTATGCA_L008_R1_001_HQ_paired.lane.8.fastq.gz
    log: logs/compressfastq/SC173937_ACTATGCA_L008_R1_001_HQ_paired.lane.8.fastq_compressfastq.txt
    jobid: 2
    wildcards: samples=SC173937_ACTATGCA_L008_R1_001_HQ_paired.lane.8.fastq


[Thu Apr  1 17:38:15 2021]
rule compressfastq:
    input: /sc/arion/projects/canan/data_ahuno/CRC_PR_03192021/fastq/DrMarciaCruz_WES_CRC_EarlyOnset/Mucose/demultiplex_fastqs/SC173937_ACTATGCA_L008_R2_001_HQ_paired.lane.8.fastq
    output: results/SC173937_ACTATGCA_L008_R2_001_HQ_paired.lane.8.fastq/SC173937_ACTATGCA_L008_R2_001_HQ_paired.lane.8.fastq.gz
    log: logs/compressfastq/SC173937_ACTATGCA_L008_R2_001_HQ_paired.lane.8.fastq_compressfastq.txt
    jobid: 1
    wildcards: samples=SC173937_ACTATGCA_L008_R2_001_HQ_paired.lane.8.fastq

[Thu Apr  1 18:00:09 2021]
Finished job 2.
1 of 3 steps (33%) done
[Thu Apr  1 18:04:52 2021]
Finished job 1.
2 of 3 steps (67%) done

[Thu Apr  1 18:04:52 2021]
localrule all:
    input: results/SC173937_ACTATGCA_L008_R2_001_HQ_paired.lane.8.fastq/SC173937_ACTATGCA_L008_R2_001_HQ_paired.lane.8.fastq.gz, results/SC173937_ACTATGCA_L008_R1_001_HQ_paired.lane.8.fastq/SC173937_ACTATGCA_L008_R1_001_HQ_paired.lane.8.fastq.gz
    jobid: 0

[Thu Apr  1 18:04:52 2021]
Finished job 0.
3 of 3 steps (100%) done
Complete log: /sc/arion/projects/canan/toolbox/scripts/compress_fastq/.snakemake/log/2021-04-01T173815.493207.snakemake.log
