Building DAG of jobs...
Using shell: /usr/bin/bash
Provided cluster nodes: 50
Job counts:
	count	jobs
	1	all
	2	compressfastq
	3

[Thu Apr  1 19:08:56 2021]
rule compressfastq:
    input: /sc/arion/projects/canan/data_ahuno/CRC_PR_03192021/fastq/DrMarciaCruz_WES_CRC_EarlyOnset/Mucose/demultiplex_fastqs/SC173934_GAGTTAGC_L003_R1_001_HQ_paired.lane.3.fastq
    output: results/SC173934_GAGTTAGC_L003_R1_001_HQ_paired.lane.3.fastq/SC173934_GAGTTAGC_L003_R1_001_HQ_paired.lane.3.fastq.gz
    log: logs/compressfastq/SC173934_GAGTTAGC_L003_R1_001_HQ_paired.lane.3.fastq_compressfastq.txt
    jobid: 2
    wildcards: samples=SC173934_GAGTTAGC_L003_R1_001_HQ_paired.lane.3.fastq

Submitted job 2 with external jobid 'Job <29547809> is submitted to queue <premium>.'.

[Thu Apr  1 19:08:56 2021]
rule compressfastq:
    input: /sc/arion/projects/canan/data_ahuno/CRC_PR_03192021/fastq/DrMarciaCruz_WES_CRC_EarlyOnset/Mucose/demultiplex_fastqs/SC173935_ACGCTCGA_L005_R1_001_HQ_paired.lane.5.fastq
    output: results/SC173935_ACGCTCGA_L005_R1_001_HQ_paired.lane.5.fastq/SC173935_ACGCTCGA_L005_R1_001_HQ_paired.lane.5.fastq.gz
    log: logs/compressfastq/SC173935_ACGCTCGA_L005_R1_001_HQ_paired.lane.5.fastq_compressfastq.txt
    jobid: 1
    wildcards: samples=SC173935_ACGCTCGA_L005_R1_001_HQ_paired.lane.5.fastq

Submitted job 1 with external jobid 'Job <29547810> is submitted to queue <premium>.'.
[Thu Apr  1 19:24:37 2021]
Finished job 2.
1 of 3 steps (33%) done
[Thu Apr  1 19:30:27 2021]
Finished job 1.
2 of 3 steps (67%) done

[Thu Apr  1 19:30:27 2021]
localrule all:
    input: results/SC173935_ACGCTCGA_L005_R1_001_HQ_paired.lane.5.fastq/SC173935_ACGCTCGA_L005_R1_001_HQ_paired.lane.5.fastq.gz, results/SC173934_GAGTTAGC_L003_R1_001_HQ_paired.lane.3.fastq/SC173934_GAGTTAGC_L003_R1_001_HQ_paired.lane.3.fastq.gz
    jobid: 0

[Thu Apr  1 19:30:27 2021]
Finished job 0.
3 of 3 steps (100%) done
Complete log: /sc/arion/projects/canan/toolbox/scripts/compress_fastq/.snakemake/log/2021-04-01T190855.911353.snakemake.log
