Building DAG of jobs...
Using shell: /usr/bin/bash
Provided cores: 20
Rules claiming more threads will be scaled down.
Job counts:
	count	jobs
	1	all
	2	compressfastq
	3

[Thu Apr  1 17:36:34 2021]
rule compressfastq:
    input: /sc/arion/projects/canan/data_ahuno/CRC_PR_03192021/fastq/DrMarciaCruz_WES_CRC_EarlyOnset/Mucose/demultiplex_fastqs/SC173937_ACTATGCA_L007_R2_001_HQ_paired.lane.7.fastq
    output: results/SC173937_ACTATGCA_L008_R1_001_HQ_paired.lane.8.fastq/SC173937_ACTATGCA_L008_R1_001_HQ_paired.lane.8.fastq.gz
    log: logs/compressfastq/SC173937_ACTATGCA_L008_R1_001_HQ_paired.lane.8.fastq_compressfastq.txt
    jobid: 2
    wildcards: samples=SC173937_ACTATGCA_L008_R1_001_HQ_paired.lane.8.fastq


[Thu Apr  1 17:36:34 2021]
rule compressfastq:
    input: /sc/arion/projects/canan/data_ahuno/CRC_PR_03192021/fastq/DrMarciaCruz_WES_CRC_EarlyOnset/Mucose/demultiplex_fastqs/SC173937_ACTATGCA_L008_R2_001_HQ_paired.lane.8.fastq
    output: results/SC173937_ACTATGCA_L008_R2_001_HQ_paired.lane.8.fastq/SC173937_ACTATGCA_L008_R2_001_HQ_paired.lane.8.fastq.gz
    log: logs/compressfastq/SC173937_ACTATGCA_L008_R2_001_HQ_paired.lane.8.fastq_compressfastq.txt
    jobid: 1
    wildcards: samples=SC173937_ACTATGCA_L008_R2_001_HQ_paired.lane.8.fastq

[Thu Apr  1 17:36:34 2021]
[Thu Apr  1 17:36:34 2021]
Error in rule compressfastq:
Error in rule compressfastq:
    jobid: 2
    jobid: 1
    output: results/SC173937_ACTATGCA_L008_R1_001_HQ_paired.lane.8.fastq/SC173937_ACTATGCA_L008_R1_001_HQ_paired.lane.8.fastq.gz
    output: results/SC173937_ACTATGCA_L008_R2_001_HQ_paired.lane.8.fastq/SC173937_ACTATGCA_L008_R2_001_HQ_paired.lane.8.fastq.gz
    log: logs/compressfastq/SC173937_ACTATGCA_L008_R1_001_HQ_paired.lane.8.fastq_compressfastq.txt (check log file(s) for error message)
    log: logs/compressfastq/SC173937_ACTATGCA_L008_R2_001_HQ_paired.lane.8.fastq_compressfastq.txt (check log file(s) for error message)
    shell:
        parallel --gnu gzip  ::: /sc/arion/projects/canan/data_ahuno/CRC_PR_03192021/fastq/DrMarciaCruz_WES_CRC_EarlyOnset/Mucose/demultiplex_fastqs/SC173937_ACTATGCA_L007_R2_001_HQ_paired.lane.7.fastq > results/SC173937_ACTATGCA_L008_R1_001_HQ_paired.lane.8.fastq/SC173937_ACTATGCA_L008_R1_001_HQ_paired.lane.8.fastq.gz 2> logs/compressfastq/SC173937_ACTATGCA_L008_R1_001_HQ_paired.lane.8.fastq_compressfastq.txt
        (one of the commands exited with non-zero exit code; note that snakemake uses bash strict mode!)
    shell:
        parallel --gnu gzip  ::: /sc/arion/projects/canan/data_ahuno/CRC_PR_03192021/fastq/DrMarciaCruz_WES_CRC_EarlyOnset/Mucose/demultiplex_fastqs/SC173937_ACTATGCA_L008_R2_001_HQ_paired.lane.8.fastq > results/SC173937_ACTATGCA_L008_R2_001_HQ_paired.lane.8.fastq/SC173937_ACTATGCA_L008_R2_001_HQ_paired.lane.8.fastq.gz 2> logs/compressfastq/SC173937_ACTATGCA_L008_R2_001_HQ_paired.lane.8.fastq_compressfastq.txt
        (one of the commands exited with non-zero exit code; note that snakemake uses bash strict mode!)


Removing output files of failed job compressfastq since they might be corrupted:
results/SC173937_ACTATGCA_L008_R1_001_HQ_paired.lane.8.fastq/SC173937_ACTATGCA_L008_R1_001_HQ_paired.lane.8.fastq.gz
Trying to restart job 2.
Removing output files of failed job compressfastq since they might be corrupted:
results/SC173937_ACTATGCA_L008_R2_001_HQ_paired.lane.8.fastq/SC173937_ACTATGCA_L008_R2_001_HQ_paired.lane.8.fastq.gz
Trying to restart job 1.

[Thu Apr  1 17:36:34 2021]
rule compressfastq:
    input: /sc/arion/projects/canan/data_ahuno/CRC_PR_03192021/fastq/DrMarciaCruz_WES_CRC_EarlyOnset/Mucose/demultiplex_fastqs/SC173937_ACTATGCA_L007_R2_001_HQ_paired.lane.7.fastq
    output: results/SC173937_ACTATGCA_L008_R1_001_HQ_paired.lane.8.fastq/SC173937_ACTATGCA_L008_R1_001_HQ_paired.lane.8.fastq.gz
    log: logs/compressfastq/SC173937_ACTATGCA_L008_R1_001_HQ_paired.lane.8.fastq_compressfastq.txt
    jobid: 2
    wildcards: samples=SC173937_ACTATGCA_L008_R1_001_HQ_paired.lane.8.fastq


[Thu Apr  1 17:36:34 2021]
rule compressfastq:
    input: /sc/arion/projects/canan/data_ahuno/CRC_PR_03192021/fastq/DrMarciaCruz_WES_CRC_EarlyOnset/Mucose/demultiplex_fastqs/SC173937_ACTATGCA_L008_R2_001_HQ_paired.lane.8.fastq
    output: results/SC173937_ACTATGCA_L008_R2_001_HQ_paired.lane.8.fastq/SC173937_ACTATGCA_L008_R2_001_HQ_paired.lane.8.fastq.gz
    log: logs/compressfastq/SC173937_ACTATGCA_L008_R2_001_HQ_paired.lane.8.fastq_compressfastq.txt
    jobid: 1
    wildcards: samples=SC173937_ACTATGCA_L008_R2_001_HQ_paired.lane.8.fastq

[Thu Apr  1 17:36:34 2021]
Error in rule compressfastq:
    jobid: 2
    output: results/SC173937_ACTATGCA_L008_R1_001_HQ_paired.lane.8.fastq/SC173937_ACTATGCA_L008_R1_001_HQ_paired.lane.8.fastq.gz
    log: logs/compressfastq/SC173937_ACTATGCA_L008_R1_001_HQ_paired.lane.8.fastq_compressfastq.txt (check log file(s) for error message)
    shell:
        parallel --gnu gzip  ::: /sc/arion/projects/canan/data_ahuno/CRC_PR_03192021/fastq/DrMarciaCruz_WES_CRC_EarlyOnset/Mucose/demultiplex_fastqs/SC173937_ACTATGCA_L007_R2_001_HQ_paired.lane.7.fastq > results/SC173937_ACTATGCA_L008_R1_001_HQ_paired.lane.8.fastq/SC173937_ACTATGCA_L008_R1_001_HQ_paired.lane.8.fastq.gz 2> logs/compressfastq/SC173937_ACTATGCA_L008_R1_001_HQ_paired.lane.8.fastq_compressfastq.txt
        (one of the commands exited with non-zero exit code; note that snakemake uses bash strict mode!)

Removing output files of failed job compressfastq since they might be corrupted:
results/SC173937_ACTATGCA_L008_R1_001_HQ_paired.lane.8.fastq/SC173937_ACTATGCA_L008_R1_001_HQ_paired.lane.8.fastq.gz
Trying to restart job 2.

[Thu Apr  1 17:36:34 2021]
rule compressfastq:
    input: /sc/arion/projects/canan/data_ahuno/CRC_PR_03192021/fastq/DrMarciaCruz_WES_CRC_EarlyOnset/Mucose/demultiplex_fastqs/SC173937_ACTATGCA_L007_R2_001_HQ_paired.lane.7.fastq
    output: results/SC173937_ACTATGCA_L008_R1_001_HQ_paired.lane.8.fastq/SC173937_ACTATGCA_L008_R1_001_HQ_paired.lane.8.fastq.gz
    log: logs/compressfastq/SC173937_ACTATGCA_L008_R1_001_HQ_paired.lane.8.fastq_compressfastq.txt
    jobid: 2
    wildcards: samples=SC173937_ACTATGCA_L008_R1_001_HQ_paired.lane.8.fastq

[Thu Apr  1 17:36:34 2021]
Error in rule compressfastq:
    jobid: 1
    output: results/SC173937_ACTATGCA_L008_R2_001_HQ_paired.lane.8.fastq/SC173937_ACTATGCA_L008_R2_001_HQ_paired.lane.8.fastq.gz
    log: logs/compressfastq/SC173937_ACTATGCA_L008_R2_001_HQ_paired.lane.8.fastq_compressfastq.txt (check log file(s) for error message)
    shell:
        parallel --gnu gzip  ::: /sc/arion/projects/canan/data_ahuno/CRC_PR_03192021/fastq/DrMarciaCruz_WES_CRC_EarlyOnset/Mucose/demultiplex_fastqs/SC173937_ACTATGCA_L008_R2_001_HQ_paired.lane.8.fastq > results/SC173937_ACTATGCA_L008_R2_001_HQ_paired.lane.8.fastq/SC173937_ACTATGCA_L008_R2_001_HQ_paired.lane.8.fastq.gz 2> logs/compressfastq/SC173937_ACTATGCA_L008_R2_001_HQ_paired.lane.8.fastq_compressfastq.txt
        (one of the commands exited with non-zero exit code; note that snakemake uses bash strict mode!)

Removing output files of failed job compressfastq since they might be corrupted:
results/SC173937_ACTATGCA_L008_R2_001_HQ_paired.lane.8.fastq/SC173937_ACTATGCA_L008_R2_001_HQ_paired.lane.8.fastq.gz
Trying to restart job 1.

[Thu Apr  1 17:36:34 2021]
rule compressfastq:
    input: /sc/arion/projects/canan/data_ahuno/CRC_PR_03192021/fastq/DrMarciaCruz_WES_CRC_EarlyOnset/Mucose/demultiplex_fastqs/SC173937_ACTATGCA_L008_R2_001_HQ_paired.lane.8.fastq
    output: results/SC173937_ACTATGCA_L008_R2_001_HQ_paired.lane.8.fastq/SC173937_ACTATGCA_L008_R2_001_HQ_paired.lane.8.fastq.gz
    log: logs/compressfastq/SC173937_ACTATGCA_L008_R2_001_HQ_paired.lane.8.fastq_compressfastq.txt
    jobid: 1
    wildcards: samples=SC173937_ACTATGCA_L008_R2_001_HQ_paired.lane.8.fastq

[Thu Apr  1 17:36:34 2021]
Error in rule compressfastq:
    jobid: 2
    output: results/SC173937_ACTATGCA_L008_R1_001_HQ_paired.lane.8.fastq/SC173937_ACTATGCA_L008_R1_001_HQ_paired.lane.8.fastq.gz
    log: logs/compressfastq/SC173937_ACTATGCA_L008_R1_001_HQ_paired.lane.8.fastq_compressfastq.txt (check log file(s) for error message)
    shell:
        parallel --gnu gzip  ::: /sc/arion/projects/canan/data_ahuno/CRC_PR_03192021/fastq/DrMarciaCruz_WES_CRC_EarlyOnset/Mucose/demultiplex_fastqs/SC173937_ACTATGCA_L007_R2_001_HQ_paired.lane.7.fastq > results/SC173937_ACTATGCA_L008_R1_001_HQ_paired.lane.8.fastq/SC173937_ACTATGCA_L008_R1_001_HQ_paired.lane.8.fastq.gz 2> logs/compressfastq/SC173937_ACTATGCA_L008_R1_001_HQ_paired.lane.8.fastq_compressfastq.txt
        (one of the commands exited with non-zero exit code; note that snakemake uses bash strict mode!)

[Thu Apr  1 17:36:34 2021]
Removing output files of failed job compressfastq since they might be corrupted:
results/SC173937_ACTATGCA_L008_R1_001_HQ_paired.lane.8.fastq/SC173937_ACTATGCA_L008_R1_001_HQ_paired.lane.8.fastq.gz
Error in rule compressfastq:
    jobid: 1
    output: results/SC173937_ACTATGCA_L008_R2_001_HQ_paired.lane.8.fastq/SC173937_ACTATGCA_L008_R2_001_HQ_paired.lane.8.fastq.gz
    log: logs/compressfastq/SC173937_ACTATGCA_L008_R2_001_HQ_paired.lane.8.fastq_compressfastq.txt (check log file(s) for error message)
    shell:
        parallel --gnu gzip  ::: /sc/arion/projects/canan/data_ahuno/CRC_PR_03192021/fastq/DrMarciaCruz_WES_CRC_EarlyOnset/Mucose/demultiplex_fastqs/SC173937_ACTATGCA_L008_R2_001_HQ_paired.lane.8.fastq > results/SC173937_ACTATGCA_L008_R2_001_HQ_paired.lane.8.fastq/SC173937_ACTATGCA_L008_R2_001_HQ_paired.lane.8.fastq.gz 2> logs/compressfastq/SC173937_ACTATGCA_L008_R2_001_HQ_paired.lane.8.fastq_compressfastq.txt
        (one of the commands exited with non-zero exit code; note that snakemake uses bash strict mode!)

Job failed, going on with independent jobs.
Removing output files of failed job compressfastq since they might be corrupted:
results/SC173937_ACTATGCA_L008_R2_001_HQ_paired.lane.8.fastq/SC173937_ACTATGCA_L008_R2_001_HQ_paired.lane.8.fastq.gz
Job failed, going on with independent jobs.
Exiting because a job execution failed. Look above for error message
Complete log: /sc/arion/projects/canan/toolbox/scripts/compress_fastq/.snakemake/log/2021-04-01T173634.203528.snakemake.log
